<?xml version="1.0" encoding="UTF-8"?>
<!-- Generated by org.testng.reporters.JUnitReportReporter -->
<testsuite skipped="0" hostname="LAPTOP-DQE2LTDQ" name="Project2.MavenTestProjectOne.NewTest" tests="2" failures="0" timestamp="17 Feb 2020 13:06:00 GMT" time="0.035" errors="0">
  <testcase name="method3" time="0.018" classname="Project2.MavenTestProjectOne.NewTest"/>
  <testcase name="method4" time="0.017" classname="Project2.MavenTestProjectOne.NewTest"/>
</testsuite> <!-- Project2.MavenTestProjectOne.NewTest -->
